  DetectCollisions.cpp
C:\Users\thecj\Documents\Rogers-HW\Rogers-Homework\Rogers-Game03\code\DetectCollisions.cpp(14,16): warning C4244: '=': conversion from 'const int' to 'T', possible loss of data
          with
          [
              T=float
          ]
C:\Users\thecj\Documents\Rogers-HW\Rogers-Homework\Rogers-Game03\code\DetectCollisions.cpp(15,17): warning C4244: '=': conversion from 'const int' to 'T', possible loss of data
          with
          [
              T=float
          ]
C:\Users\thecj\Documents\Rogers-HW\Rogers-Homework\Rogers-Game03\code\DetectCollisions.cpp(35,81): warning C4244: 'argument': conversion from 'int' to 'T', possible loss of data
          with
          [
              T=float
          ]
C:\Users\thecj\Documents\Rogers-HW\Rogers-Homework\Rogers-Game03\code\DetectCollisions.cpp(35,46): warning C4244: 'argument': conversion from 'int' to 'T', possible loss of data
          with
          [
              T=float
          ]
C:\Users\thecj\Documents\Rogers-HW\Rogers-Homework\Rogers-Game03\code\DetectCollisions.cpp(39,44): warning C4244: 'argument': conversion from 'const int' to 'float', possible loss of data
C:\Users\thecj\Documents\Rogers-HW\Rogers-Homework\Rogers-Game03\code\DetectCollisions.cpp(47,19): warning C4244: '=': conversion from 'int' to 'T', possible loss of data
          with
          [
              T=float
          ]
C:\Users\thecj\Documents\Rogers-HW\Rogers-Homework\Rogers-Game03\code\DetectCollisions.cpp(48,18): warning C4244: '=': conversion from 'int' to 'T', possible loss of data
          with
          [
              T=float
          ]
C:\Users\thecj\Documents\Rogers-HW\Rogers-Homework\Rogers-Game03\code\DetectCollisions.cpp(56,47): warning C4244: 'argument': conversion from 'const int' to 'float', possible loss of data
  Rogers-Game03.vcxproj -> C:\Users\thecj\Documents\Rogers-HW\Rogers-Homework\Rogers-Game03\x64\Debug\Rogers-Game03.exe
