  ZombieArena.cpp
C:\Users\thecj\Documents\Rogers-HW\Rogers-Homework\ZombieArenaRogers\ZombieArena.cpp(26,44): warning C4244: '=': conversion from 'unsigned int' to 'T', possible loss of data
          with
          [
              T=float
          ]
C:\Users\thecj\Documents\Rogers-HW\Rogers-Homework\ZombieArenaRogers\ZombieArena.cpp(27,44): warning C4244: '=': conversion from 'unsigned int' to 'T', possible loss of data
          with
          [
              T=float
          ]
C:\Users\thecj\Documents\Rogers-HW\Rogers-Homework\ZombieArenaRogers\ZombieArena.cpp(29,56): warning C4244: 'argument': conversion from 'T' to 'unsigned int', possible loss of data
          with
          [
              T=float
          ]
C:\Users\thecj\Documents\Rogers-HW\Rogers-Homework\ZombieArenaRogers\ZombieArena.cpp(29,42): warning C4244: 'argument': conversion from 'T' to 'unsigned int', possible loss of data
          with
          [
              T=float
          ]
C:\Users\thecj\Documents\Rogers-HW\Rogers-Homework\ZombieArenaRogers\ZombieArena.cpp(622,50): warning C4244: 'argument': conversion from 'int' to 'T', possible loss of data
          with
          [
              T=float
          ]
  ZombieArenaRogers.vcxproj -> C:\Users\thecj\Documents\Rogers-HW\Rogers-Homework\ZombieArenaRogers\x64\Debug\ZombieArenaRogers.exe
